0 info it worked if it ends with ok
1 verbose cli [ '/usr/bin/nodejs', '/usr/bin/npm', 'start' ]
2 info using npm@3.5.2
3 info using node@v4.2.6
4 verbose run-script [ 'prestart', 'start', 'poststart' ]
5 info lifecycle sharkjob@1.0.0~prestart: sharkjob@1.0.0
6 silly lifecycle sharkjob@1.0.0~prestart: no script for prestart, continuing
7 info lifecycle sharkjob@1.0.0~start: sharkjob@1.0.0
8 verbose lifecycle sharkjob@1.0.0~start: unsafe-perm in lifecycle true
9 verbose lifecycle sharkjob@1.0.0~start: PATH: /usr/share/npm/bin/node-gyp-bin:/mnt/c/Users/Chino/ece651/src/main/webapp/node_modules/.bin:/usr/local/sbin:/usr/local/bin:/usr/sbin:/usr/bin:/sbin:/bin:/usr/games:/usr/local/games:/mnt/c/ProgramData/Oracle/Java/javapath_target_208244109:/mnt/c/Program Files/Dell/DW WLAN Card:/mnt/c/Program Files (x86)/Intel/iCLS Client:/mnt/c/Program Files/Intel/iCLS Client:/mnt/c/Windows/System32:/mnt/c/Windows:/mnt/c/Windows/System32/wbem:/mnt/c/Windows/System32/WindowsPowerShell/v1.0:/mnt/c/Program Files (x86)/Intel/Intel(R) Management Engine Components/DAL:/mnt/c/Program Files/Intel/Intel(R) Management Engine Components/DAL:/mnt/c/Program Files (x86)/Intel/Intel(R) Management Engine Components/IPT:/mnt/c/Program Files/Intel/Intel(R) Management Engine Components/IPT:/mnt/c/Program Files/WIDCOMM/Bluetooth Software:/mnt/c/Program Files/WIDCOMM/Bluetooth Software/syswow64:/mnt/c/Program Files (x86)/NVIDIA Corporation/PhysX/Common:/mnt/c/Windows/System32:/mnt/c/Windows:/mnt/c/Windows/System32/wbem:/mnt/c/Windows/System32/WindowsPowerShell/v1.0:/mnt/d/Program Files/MATLAB/R2016a/runtime/win64:/mnt/d/Program Files/MATLAB/R2016a/bin:/mnt/d/Program Files/MATLAB/R2016a/polyspace/bin:/mnt/c/Program Files (x86)/MySQL/MySQL Utilities 1.6:/mnt/c/Program Files (x86)/Skype/Phone:/mnt/c/Program Files/Redis:/mnt/c/Program Files/nodejs:/mnt/c/Users/Chino/AppData/Local/Microsoft/WindowsApps:/mnt/c/Program Files/MySQL/MySQL Server 5.7/bin:/mnt/c/Users/Chino/AppData/Roaming/npm
10 verbose lifecycle sharkjob@1.0.0~start: CWD: /mnt/c/Users/Chino/ece651/src/main/webapp
11 silly lifecycle sharkjob@1.0.0~start: Args: [ '-c', 'tsc && concurrently "npm run tsc:w" "npm run lite" ' ]
12 silly lifecycle sharkjob@1.0.0~start: Returned: code: 2  signal: null
13 info lifecycle sharkjob@1.0.0~start: Failed to exec start script
14 verbose stack Error: sharkjob@1.0.0 start: `tsc && concurrently "npm run tsc:w" "npm run lite" `
14 verbose stack Exit status 2
14 verbose stack     at EventEmitter.<anonymous> (/usr/share/npm/lib/utils/lifecycle.js:232:16)
14 verbose stack     at emitTwo (events.js:87:13)
14 verbose stack     at EventEmitter.emit (events.js:172:7)
14 verbose stack     at ChildProcess.<anonymous> (/usr/share/npm/lib/utils/spawn.js:24:14)
14 verbose stack     at emitTwo (events.js:87:13)
14 verbose stack     at ChildProcess.emit (events.js:172:7)
14 verbose stack     at maybeClose (internal/child_process.js:821:16)
14 verbose stack     at Process.ChildProcess._handle.onexit (internal/child_process.js:211:5)
15 verbose pkgid sharkjob@1.0.0
16 verbose cwd /mnt/c/Users/Chino/ece651/src/main/webapp
17 error Linux 4.4.0-43-Microsoft
18 error argv "/usr/bin/nodejs" "/usr/bin/npm" "start"
19 error node v4.2.6
20 error npm  v3.5.2
21 error code ELIFECYCLE
22 error sharkjob@1.0.0 start: `tsc && concurrently "npm run tsc:w" "npm run lite" `
22 error Exit status 2
23 error Failed at the sharkjob@1.0.0 start script 'tsc && concurrently "npm run tsc:w" "npm run lite" '.
23 error Make sure you have the latest version of node.js and npm installed.
23 error If you do, this is most likely a problem with the sharkjob package,
23 error not with npm itself.
23 error Tell the author that this fails on your system:
23 error     tsc && concurrently "npm run tsc:w" "npm run lite"
23 error You can get information on how to open an issue for this project with:
23 error     npm bugs sharkjob
23 error Or if that isn't available, you can get their info via:
23 error     npm owner ls sharkjob
23 error There is likely additional logging output above.
24 verbose exit [ 1, true ]
